<?xml version="1.0" encoding="UTF-8"?>
<!-- Generated by org.testng.reporters.JUnitReportReporter -->
<testsuite hostname="admin" failures="0" tests="1" name="com.in.FirstTest" time="59.765" errors="0" timestamp="03 Apr 2018 17:50:31 GMT" skipped="0">
  <testcase classname="com.in.FirstTest" name="f" time="59.765"/>
</testsuite> <!-- com.in.FirstTest -->
